2026-06-20 01:06:16,888 - INFO - Starting pipeline execution - root - 104
2026-06-20 01:06:16,888 - INFO - Starting data ingestion - root - 33
2026-06-20 01:06:16,889 - INFO - Initiating data ingestion - root - 65
2026-06-20 01:06:16,889 - INFO - Exporting input data to dataframe from path: D:\\Pertsol\\Predict_user_future_coordinates\raw_data\location_dataset_3_months.csv - root - 29
2026-06-20 01:06:16,896 - INFO - Exported input data to dataframe - root - 33
2026-06-20 01:06:16,896 - INFO - Exporting feature store to dataframe - root - 46
2026-06-20 01:06:16,897 - INFO - successfully created feature store D:\\Pertsol\\Predict_user_future_coordinates\\artifact\06_20_2026_01_06_16\data_ingestion\feature_store.csv - root - 49
2026-06-20 01:06:16,910 - INFO - Exported feature store to dataframe - root - 53
2026-06-20 01:06:16,910 - INFO - Data ingestion initiated successfully - root - 38
2026-06-20 01:06:16,910 - INFO - Starting feature engineering - root - 47
2026-06-20 01:06:16,910 - INFO - Initiating feature engineering - root - 214
2026-06-20 01:06:16,915 - INFO - Feature Engineering data has been read - root - 217
2026-06-20 01:06:16,916 - INFO - Creating Time Feature - root - 219
2026-06-20 01:06:16,922 - INFO - Created Successfully Time Feature - root - 221
2026-06-20 01:06:16,922 - INFO - Creating Cyclical Feature - root - 223
2026-06-20 01:06:16,924 - INFO - Created Successfully Cyclical Feature - root - 225
2026-06-20 01:06:16,924 - INFO - Creating Cluster Feature - root - 227
2026-06-20 01:06:16,998 - INFO - Created Successfully Cluster Feature - root - 229
2026-06-20 01:06:16,998 - INFO - Creating Previous Location Feature - root - 231
2026-06-20 01:06:17,000 - INFO - Created Successfully Previous Location Feature - root - 233
2026-06-20 01:06:17,000 - INFO - Creating Distance Feature - root - 235
2026-06-20 01:06:17,033 - INFO - Created Successfully Distance Feature - root - 237
2026-06-20 01:06:17,034 - INFO - Creating Traget Feature - root - 239
2026-06-20 01:06:17,037 - INFO - Created Successfully Traget Feature - root - 241
2026-06-20 01:06:17,067 - INFO - Feature engineering initiated successfully - root - 52
2026-06-20 01:06:17,068 - INFO - Starting data validation - root - 62
2026-06-20 01:06:17,068 - INFO - Reading schema file D:\Pertsol\Predict_user_future_coordinates\schema\schema.yaml - root - 13
2026-06-20 01:06:17,070 - INFO - Initiating data validation - root - 95
2026-06-20 01:06:17,085 - INFO - Required no. of columns: 20 - root - 25
2026-06-20 01:06:17,085 - INFO - columns in dataframe : 20 - root - 26
2026-06-20 01:06:17,086 - INFO - Required no. of null values: 0 - root - 40
2026-06-20 01:06:17,087 - INFO - Required no. of numeric values: 19 - root - 53
2026-06-20 01:06:17,088 - ERROR - Number of numeric values does not match number of columns in dataframe - root - 55
2026-06-20 01:06:17,088 - INFO - Spliting data into train and test - root - 102
2026-06-20 01:06:17,091 - INFO - Saving train file at location ['D:\\\\Pertsol\\\\Predict_user_future_coordinates\\\\artifact\\06_20_2026_01_06_16\\validation\\training.csv'] - root - 105
2026-06-20 01:06:17,109 - INFO - Saved train file successully  at location ['D:\\\\Pertsol\\\\Predict_user_future_coordinates\\\\artifact\\06_20_2026_01_06_16\\validation\\training.csv'] - root - 110
2026-06-20 01:06:17,109 - INFO - Saving test file at location ['D:\\\\Pertsol\\\\Predict_user_future_coordinates\\\\artifact\\06_20_2026_01_06_16\\validation\\test.csv'] - root - 112
2026-06-20 01:06:17,115 - INFO - Saved test file successully  at location ['D:\\\\Pertsol\\\\Predict_user_future_coordinates\\\\artifact\\06_20_2026_01_06_16\\validation\\test.csv'] - root - 117
2026-06-20 01:06:17,115 - INFO - Data validation initiated successfully - root - 67
2026-06-20 01:06:17,115 - INFO - Starting data transformation - root - 76
2026-06-20 01:06:17,115 - INFO - reading training data and testing data - root - 67
2026-06-20 01:06:17,141 - INFO - successfully apply data transformation on train and test data - root - 72
2026-06-20 01:06:17,142 - INFO - Saving numpy array data - root - 72
2026-06-20 01:06:17,146 - INFO - Saved successfully numpy array data to D:\\Pertsol\\Predict_user_future_coordinates\\artifact\06_20_2026_01_06_16\transformation_dir\train.npy - root - 77
2026-06-20 01:06:17,146 - INFO - Saved scaled train array at ['D:\\\\Pertsol\\\\Predict_user_future_coordinates\\\\artifact\\06_20_2026_01_06_16\\transformation_dir\\train.npy'] with shape (1708, 18) - root - 78
2026-06-20 01:06:17,147 - INFO - Saving numpy array data - root - 72
2026-06-20 01:06:17,150 - INFO - Saved successfully numpy array data to D:\\Pertsol\\Predict_user_future_coordinates\\artifact\06_20_2026_01_06_16\transformation_dir\test.npy - root - 77
2026-06-20 01:06:17,151 - INFO - Saved scaled test array at ['D:\\\\Pertsol\\\\Predict_user_future_coordinates\\\\artifact\\06_20_2026_01_06_16\\transformation_dir\\test.npy'] with shape (428, 18) - root - 82
2026-06-20 01:06:17,151 - INFO - Saving object data - root - 91
2026-06-20 01:06:17,152 - INFO - Saved successfully object data to D:\\Pertsol\\Predict_user_future_coordinates\\artifact\06_20_2026_01_06_16\transformation_dir\preprocessing.pkl - root - 96
2026-06-20 01:06:17,152 - INFO - Saving object data - root - 91
2026-06-20 01:06:17,153 - INFO - Saved successfully object data to final_preprocessor/preprocessor.pkl - root - 96
2026-06-20 01:06:17,153 - INFO - Data transformation initiated successfully - root - 81
2026-06-20 01:06:17,153 - INFO - Starting model training - root - 90
2026-06-20 01:06:17,153 - INFO - Initiating model training - root - 141
2026-06-20 01:06:17,154 - INFO - loading training data from D:\\Pertsol\\Predict_user_future_coordinates\\artifact\06_20_2026_01_06_16\transformation_dir\train.npy - root - 146
2026-06-20 01:06:17,154 - INFO - Loading numpy array data - root - 108
2026-06-20 01:06:17,155 - INFO - Loaded successfully numpy array data to D:\\Pertsol\\Predict_user_future_coordinates\\artifact\06_20_2026_01_06_16\transformation_dir\train.npy - root - 115
2026-06-20 01:06:17,155 - INFO - loading test data from D:\\Pertsol\\Predict_user_future_coordinates\\artifact\06_20_2026_01_06_16\transformation_dir\test.npy - root - 149
2026-06-20 01:06:17,155 - INFO - Loading numpy array data - root - 108
2026-06-20 01:06:17,155 - INFO - Loaded successfully numpy array data to D:\\Pertsol\\Predict_user_future_coordinates\\artifact\06_20_2026_01_06_16\transformation_dir\test.npy - root - 115
2026-06-20 01:06:17,155 - INFO - splitting training  and testing data into input feature and output feature  - root - 152
2026-06-20 01:06:17,156 - INFO - Evaluating model.... - root - 44
2026-06-20 01:06:21,328 - ERROR - Target is multiclass but average='binary'. Please choose another average setting, one of [None, 'micro', 'macro', 'weighted']. - root - 27
2026-06-20 01:06:21,328 - ERROR - Error occurred in python script name [D:\Pertsol\Predict_user_future_coordinates\src\utils\ml_utils.py] line no. [17] error message [Target is multiclass but average='binary'. Please choose another average setting, one of [None, 'micro', 'macro', 'weighted'].]  - root - 70
2026-06-20 01:06:21,329 - ERROR - Error occurred in python script name [D:\Pertsol\Predict_user_future_coordinates\src\utils\ml_utils.py] line no. [54] error message [Error occurred in python script name [D:\Pertsol\Predict_user_future_coordinates\src\utils\ml_utils.py] line no. [17] error message [Target is multiclass but average='binary'. Please choose another average setting, one of [None, 'micro', 'macro', 'weighted'].] ]  - root - 165
2026-06-20 01:06:21,329 - ERROR - Error occurred in python script name [D:\Pertsol\Predict_user_future_coordinates\src\component\model_trainer.py] line no. [161] error message [Error occurred in python script name [D:\Pertsol\Predict_user_future_coordinates\src\utils\ml_utils.py] line no. [54] error message [Error occurred in python script name [D:\Pertsol\Predict_user_future_coordinates\src\utils\ml_utils.py] line no. [17] error message [Target is multiclass but average='binary'. Please choose another average setting, one of [None, 'micro', 'macro', 'weighted'].] ] ]  - root - 99
2026-06-20 01:06:21,329 - ERROR - Error occurred in python script name [D:\Pertsol\Predict_user_future_coordinates\src\pipeline\training_pipeline.py] line no. [94] error message [Error occurred in python script name [D:\Pertsol\Predict_user_future_coordinates\src\component\model_trainer.py] line no. [161] error message [Error occurred in python script name [D:\Pertsol\Predict_user_future_coordinates\src\utils\ml_utils.py] line no. [54] error message [Error occurred in python script name [D:\Pertsol\Predict_user_future_coordinates\src\utils\ml_utils.py] line no. [17] error message [Target is multiclass but average='binary'. Please choose another average setting, one of [None, 'micro', 'macro', 'weighted'].] ] ] ]  - root - 116
