2026-06-19 19:47:33,498 - INFO - Starting pipeline execution - root - 71
2026-06-19 19:47:33,499 - INFO - Starting data ingestion - root - 29
2026-06-19 19:47:33,499 - INFO - Initiating data ingestion - root - 65
2026-06-19 19:47:33,499 - INFO - Exporting input data to dataframe from path: D:\\Pertsol\\Predict_user_future_coordinates\raw_data\location_dataset_3_months.csv - root - 29
2026-06-19 19:47:33,505 - INFO - Exported input data to dataframe - root - 33
2026-06-19 19:47:33,505 - INFO - Exporting feature store to dataframe - root - 46
2026-06-19 19:47:33,506 - INFO - successfully created feature store D:\\Pertsol\\Predict_user_future_coordinates\\artifact\06_19_2026_19_47_33\data_ingestion\feature_store.csv - root - 49
2026-06-19 19:47:33,514 - INFO - Exported feature store to dataframe - root - 53
2026-06-19 19:47:33,514 - INFO - Data ingestion initiated successfully - root - 34
2026-06-19 19:47:33,515 - INFO - Starting feature engineering - root - 43
2026-06-19 19:47:33,515 - INFO - Initiating feature engineering - root - 213
2026-06-19 19:47:33,517 - INFO - Feature Engineering data has been read - root - 216
2026-06-19 19:47:33,517 - INFO - Creating Time Feature - root - 218
2026-06-19 19:47:33,524 - INFO - Created Successfully Time Feature - root - 220
2026-06-19 19:47:33,524 - INFO - Creating Cyclical Feature - root - 222
2026-06-19 19:47:33,525 - INFO - Created Successfully Cyclical Feature - root - 224
2026-06-19 19:47:33,525 - INFO - Creating Cluster Feature - root - 226
2026-06-19 19:47:33,573 - INFO - Created Successfully Cluster Feature - root - 228
2026-06-19 19:47:33,573 - INFO - Creating Previous Location Feature - root - 230
2026-06-19 19:47:33,574 - INFO - Created Successfully Previous Location Feature - root - 232
2026-06-19 19:47:33,574 - INFO - Creating Distance Feature - root - 234
2026-06-19 19:47:33,590 - INFO - Created Successfully Distance Feature - root - 236
2026-06-19 19:47:33,590 - INFO - Creating Traget Feature - root - 238
2026-06-19 19:47:33,592 - INFO - Created Successfully Traget Feature - root - 240
2026-06-19 19:47:33,611 - INFO - Feature engineering initiated successfully - root - 48
2026-06-19 19:47:33,611 - INFO - Starting data validation - root - 57
2026-06-19 19:47:33,611 - INFO - Reading schema file D:\Pertsol\Predict_user_future_coordinates\schema\schema.yaml - root - 12
2026-06-19 19:47:33,612 - INFO - Initiating data validation - root - 95
2026-06-19 19:47:33,612 - ERROR - 'NoneType' object has no attribute 'feature_eng' - root - 105
2026-06-19 19:47:33,612 - ERROR - Error occurred in python script name [D:\Pertsol\Predict_user_future_coordinates\src\component\validation.py] line no. [97] error message ['NoneType' object has no attribute 'feature_eng']  - root - 66
2026-06-19 19:47:33,612 - ERROR - Error occurred in python script name [D:\Pertsol\Predict_user_future_coordinates\src\pipeline\training_pipeline.py] line no. [61] error message [Error occurred in python script name [D:\Pertsol\Predict_user_future_coordinates\src\component\validation.py] line no. [97] error message ['NoneType' object has no attribute 'feature_eng'] ]  - root - 84
