2026-06-19 19:49:02,943 - INFO - Starting pipeline execution - root - 72
2026-06-19 19:49:02,943 - INFO - Starting data ingestion - root - 29
2026-06-19 19:49:02,943 - INFO - Initiating data ingestion - root - 65
2026-06-19 19:49:02,943 - INFO - Exporting input data to dataframe from path: D:\\Pertsol\\Predict_user_future_coordinates\raw_data\location_dataset_3_months.csv - root - 29
2026-06-19 19:49:02,947 - INFO - Exported input data to dataframe - root - 33
2026-06-19 19:49:02,947 - INFO - Exporting feature store to dataframe - root - 46
2026-06-19 19:49:02,948 - INFO - successfully created feature store D:\\Pertsol\\Predict_user_future_coordinates\\artifact\06_19_2026_19_49_02\data_ingestion\feature_store.csv - root - 49
2026-06-19 19:49:02,958 - INFO - Exported feature store to dataframe - root - 53
2026-06-19 19:49:02,958 - INFO - Data ingestion initiated successfully - root - 34
2026-06-19 19:49:02,958 - INFO - Starting feature engineering - root - 43
2026-06-19 19:49:02,958 - INFO - Initiating feature engineering - root - 213
2026-06-19 19:49:02,960 - INFO - Feature Engineering data has been read - root - 216
2026-06-19 19:49:02,960 - INFO - Creating Time Feature - root - 218
2026-06-19 19:49:02,965 - INFO - Created Successfully Time Feature - root - 220
2026-06-19 19:49:02,965 - INFO - Creating Cyclical Feature - root - 222
2026-06-19 19:49:02,967 - INFO - Created Successfully Cyclical Feature - root - 224
2026-06-19 19:49:02,967 - INFO - Creating Cluster Feature - root - 226
2026-06-19 19:49:03,033 - INFO - Created Successfully Cluster Feature - root - 228
2026-06-19 19:49:03,033 - INFO - Creating Previous Location Feature - root - 230
2026-06-19 19:49:03,035 - INFO - Created Successfully Previous Location Feature - root - 232
2026-06-19 19:49:03,035 - INFO - Creating Distance Feature - root - 234
2026-06-19 19:49:03,061 - INFO - Created Successfully Distance Feature - root - 236
2026-06-19 19:49:03,061 - INFO - Creating Traget Feature - root - 238
2026-06-19 19:49:03,063 - INFO - Created Successfully Traget Feature - root - 240
2026-06-19 19:49:03,090 - INFO - Feature engineering initiated successfully - root - 48
2026-06-19 19:49:03,090 - INFO - Starting data validation - root - 58
2026-06-19 19:49:03,090 - INFO - Reading schema file D:\Pertsol\Predict_user_future_coordinates\schema\schema.yaml - root - 12
2026-06-19 19:49:03,092 - INFO - Initiating data validation - root - 95
2026-06-19 19:49:03,104 - INFO - Required no. of columns: 20 - root - 24
2026-06-19 19:49:03,104 - INFO - columns in dataframe : 20 - root - 25
2026-06-19 19:49:03,105 - INFO - Required no. of null values: 0 - root - 39
2026-06-19 19:49:03,105 - ERROR - 'numerical_columns' - root - 62
2026-06-19 19:49:03,107 - ERROR - Error occurred in python script name [D:\Pertsol\Predict_user_future_coordinates\src\component\validation.py] line no. [53] error message ['numerical_columns']  - root - 105
2026-06-19 19:49:03,107 - ERROR - Error occurred in python script name [D:\Pertsol\Predict_user_future_coordinates\src\component\validation.py] line no. [98] error message [Error occurred in python script name [D:\Pertsol\Predict_user_future_coordinates\src\component\validation.py] line no. [53] error message ['numerical_columns'] ]  - root - 67
2026-06-19 19:49:03,107 - ERROR - Error occurred in python script name [D:\Pertsol\Predict_user_future_coordinates\src\pipeline\training_pipeline.py] line no. [62] error message [Error occurred in python script name [D:\Pertsol\Predict_user_future_coordinates\src\component\validation.py] line no. [98] error message [Error occurred in python script name [D:\Pertsol\Predict_user_future_coordinates\src\component\validation.py] line no. [53] error message ['numerical_columns'] ] ]  - root - 84
