2026-06-20 01:21:31,520 - INFO - Starting pipeline execution - root - 104
2026-06-20 01:21:31,521 - INFO - Starting data ingestion - root - 33
2026-06-20 01:21:31,521 - INFO - Initiating data ingestion - root - 65
2026-06-20 01:21:31,521 - INFO - Exporting input data to dataframe from path: D:\\Pertsol\\Predict_user_future_coordinates\raw_data\location_dataset_3_months.csv - root - 29
2026-06-20 01:21:31,525 - INFO - Exported input data to dataframe - root - 33
2026-06-20 01:21:31,525 - INFO - Exporting feature store to dataframe - root - 46
2026-06-20 01:21:31,525 - INFO - successfully created feature store D:\\Pertsol\\Predict_user_future_coordinates\\artifact\06_20_2026_01_21_31\data_ingestion\feature_store.csv - root - 49
2026-06-20 01:21:31,533 - INFO - Exported feature store to dataframe - root - 53
2026-06-20 01:21:31,533 - INFO - Data ingestion initiated successfully - root - 38
2026-06-20 01:21:31,533 - INFO - Starting feature engineering - root - 47
2026-06-20 01:21:31,533 - INFO - Initiating feature engineering - root - 214
2026-06-20 01:21:31,536 - INFO - Feature Engineering data has been read - root - 217
2026-06-20 01:21:31,536 - INFO - Creating Time Feature - root - 219
2026-06-20 01:21:31,539 - INFO - Created Successfully Time Feature - root - 221
2026-06-20 01:21:31,540 - INFO - Creating Cyclical Feature - root - 223
2026-06-20 01:21:31,540 - INFO - Created Successfully Cyclical Feature - root - 225
2026-06-20 01:21:31,540 - INFO - Creating Cluster Feature - root - 227
2026-06-20 01:21:31,605 - INFO - Created Successfully Cluster Feature - root - 229
2026-06-20 01:21:31,606 - INFO - Creating Previous Location Feature - root - 231
2026-06-20 01:21:31,606 - INFO - Created Successfully Previous Location Feature - root - 233
2026-06-20 01:21:31,606 - INFO - Creating Distance Feature - root - 235
2026-06-20 01:21:31,632 - INFO - Created Successfully Distance Feature - root - 237
2026-06-20 01:21:31,632 - INFO - Creating Traget Feature - root - 239
2026-06-20 01:21:31,633 - INFO - Created Successfully Traget Feature - root - 241
2026-06-20 01:21:31,658 - INFO - Feature engineering initiated successfully - root - 52
2026-06-20 01:21:31,658 - INFO - Starting data validation - root - 62
2026-06-20 01:21:31,658 - INFO - Reading schema file D:\Pertsol\Predict_user_future_coordinates\schema\schema.yaml - root - 13
2026-06-20 01:21:31,660 - INFO - Initiating data validation - root - 95
2026-06-20 01:21:31,668 - INFO - Required no. of columns: 20 - root - 25
2026-06-20 01:21:31,668 - INFO - columns in dataframe : 20 - root - 26
2026-06-20 01:21:31,669 - INFO - Required no. of null values: 0 - root - 40
2026-06-20 01:21:31,669 - INFO - Required no. of numeric values: 19 - root - 53
2026-06-20 01:21:31,669 - ERROR - Number of numeric values does not match number of columns in dataframe - root - 55
2026-06-20 01:21:31,669 - INFO - Spliting data into train and test - root - 102
2026-06-20 01:21:31,671 - INFO - Saving train file at location ['D:\\\\Pertsol\\\\Predict_user_future_coordinates\\\\artifact\\06_20_2026_01_21_31\\validation\\training.csv'] - root - 105
2026-06-20 01:21:31,683 - INFO - Saved train file successully  at location ['D:\\\\Pertsol\\\\Predict_user_future_coordinates\\\\artifact\\06_20_2026_01_21_31\\validation\\training.csv'] - root - 110
2026-06-20 01:21:31,684 - INFO - Saving test file at location ['D:\\\\Pertsol\\\\Predict_user_future_coordinates\\\\artifact\\06_20_2026_01_21_31\\validation\\test.csv'] - root - 112
2026-06-20 01:21:31,688 - INFO - Saved test file successully  at location ['D:\\\\Pertsol\\\\Predict_user_future_coordinates\\\\artifact\\06_20_2026_01_21_31\\validation\\test.csv'] - root - 117
2026-06-20 01:21:31,688 - INFO - Data validation initiated successfully - root - 67
2026-06-20 01:21:31,688 - INFO - Starting data transformation - root - 76
2026-06-20 01:21:31,688 - INFO - reading training data and testing data - root - 67
2026-06-20 01:21:31,702 - INFO - successfully apply data transformation on train and test data - root - 72
2026-06-20 01:21:31,702 - INFO - Saving numpy array data - root - 72
2026-06-20 01:21:31,705 - INFO - Saved successfully numpy array data to D:\\Pertsol\\Predict_user_future_coordinates\\artifact\06_20_2026_01_21_31\transformation_dir\train.npy - root - 77
2026-06-20 01:21:31,705 - INFO - Saved scaled train array at ['D:\\\\Pertsol\\\\Predict_user_future_coordinates\\\\artifact\\06_20_2026_01_21_31\\transformation_dir\\train.npy'] with shape (1708, 18) - root - 78
2026-06-20 01:21:31,705 - INFO - Saving numpy array data - root - 72
2026-06-20 01:21:31,706 - INFO - Saved successfully numpy array data to D:\\Pertsol\\Predict_user_future_coordinates\\artifact\06_20_2026_01_21_31\transformation_dir\test.npy - root - 77
2026-06-20 01:21:31,706 - INFO - Saved scaled test array at ['D:\\\\Pertsol\\\\Predict_user_future_coordinates\\\\artifact\\06_20_2026_01_21_31\\transformation_dir\\test.npy'] with shape (428, 18) - root - 82
2026-06-20 01:21:31,706 - INFO - Saving object data - root - 91
2026-06-20 01:21:31,707 - INFO - Saved successfully object data to D:\\Pertsol\\Predict_user_future_coordinates\\artifact\06_20_2026_01_21_31\transformation_dir\preprocessing.pkl - root - 96
2026-06-20 01:21:31,707 - INFO - Saving object data - root - 91
2026-06-20 01:21:31,707 - INFO - Saved successfully object data to final_preprocessor/preprocessor.pkl - root - 96
2026-06-20 01:21:31,708 - INFO - Data transformation initiated successfully - root - 81
2026-06-20 01:21:31,708 - INFO - Starting model training - root - 90
2026-06-20 01:21:31,708 - INFO - Initiating model training - root - 141
2026-06-20 01:21:31,708 - INFO - loading training data from D:\\Pertsol\\Predict_user_future_coordinates\\artifact\06_20_2026_01_21_31\transformation_dir\train.npy - root - 146
2026-06-20 01:21:31,708 - INFO - Loading numpy array data - root - 108
2026-06-20 01:21:31,708 - INFO - Loaded successfully numpy array data to D:\\Pertsol\\Predict_user_future_coordinates\\artifact\06_20_2026_01_21_31\transformation_dir\train.npy - root - 115
2026-06-20 01:21:31,708 - INFO - loading test data from D:\\Pertsol\\Predict_user_future_coordinates\\artifact\06_20_2026_01_21_31\transformation_dir\test.npy - root - 149
2026-06-20 01:21:31,708 - INFO - Loading numpy array data - root - 108
2026-06-20 01:21:31,708 - INFO - Loaded successfully numpy array data to D:\\Pertsol\\Predict_user_future_coordinates\\artifact\06_20_2026_01_21_31\transformation_dir\test.npy - root - 115
2026-06-20 01:21:31,708 - INFO - splitting training  and testing data into input feature and output feature  - root - 152
2026-06-20 01:21:31,708 - INFO - Evaluating model.... - root - 44
2026-06-20 01:22:00,683 - INFO - ('XGBClassifier', {'best_model': XGBClassifier(base_score=None, booster=None, callbacks=None,
              colsample_bylevel=None, colsample_bynode=None,
              colsample_bytree=0.8, device=None, early_stopping_rounds=None,
              enable_categorical=True, eval_metric=None, feature_types=None,
              feature_weights=None, gamma=None, grow_policy=None,
              importance_type=None, interaction_constraints=None,
              learning_rate=0.1, max_bin=None, max_cat_threshold=None,
              max_cat_to_onehot=None, max_delta_step=None, max_depth=10,
              max_leaves=None, min_child_weight=None, missing=nan,
              monotone_constraints=None, multi_strategy=None, n_estimators=500,
              n_jobs=None, num_parallel_tree=None, ...), 'f1_score_test': 0.780373831775701, 'precision_test': 0.780373831775701, 'recall_test': 0.780373831775701}) ------------ - root - 94
2026-06-20 01:22:00,683 - INFO - model evaluation successfully - root - 97
2026-06-20 01:22:00,684 - INFO - best model: XGBClassifier(base_score=None, booster=None, callbacks=None,
              colsample_bylevel=None, colsample_bynode=None,
              colsample_bytree=0.8, device=None, early_stopping_rounds=None,
              enable_categorical=True, eval_metric=None, feature_types=None,
              feature_weights=None, gamma=None, grow_policy=None,
              importance_type=None, interaction_constraints=None,
              learning_rate=0.1, max_bin=None, max_cat_threshold=None,
              max_cat_to_onehot=None, max_delta_step=None, max_depth=10,
              max_leaves=None, min_child_weight=None, missing=nan,
              monotone_constraints=None, multi_strategy=None, n_estimators=500,
              n_jobs=None, num_parallel_tree=None, ...)  with best score: {'best_model': XGBClassifier(base_score=None, booster=None, callbacks=None,
              colsample_bylevel=None, colsample_bynode=None,
              colsample_bytree=0.8, device=None, early_stopping_rounds=None,
              enable_categorical=True, eval_metric=None, feature_types=None,
              feature_weights=None, gamma=None, grow_policy=None,
              importance_type=None, interaction_constraints=None,
              learning_rate=0.1, max_bin=None, max_cat_threshold=None,
              max_cat_to_onehot=None, max_delta_step=None, max_depth=10,
              max_leaves=None, min_child_weight=None, missing=nan,
              monotone_constraints=None, multi_strategy=None, n_estimators=500,
              n_jobs=None, num_parallel_tree=None, ...), 'f1_score_test': 0.780373831775701, 'precision_test': 0.780373831775701, 'recall_test': 0.780373831775701} - root - 98
2026-06-20 01:22:00,696 - INFO - loading preprocessed pkl file - root - 115
2026-06-20 01:22:00,696 - INFO - Loading object data - root - 128
2026-06-20 01:22:00,697 - INFO - Loaded successfully object data to D:\\Pertsol\\Predict_user_future_coordinates\\artifact\06_20_2026_01_21_31\transformation_dir\preprocessing.pkl - root - 135
2026-06-20 01:22:00,697 - INFO - created model directory at D:\\Pertsol\\Predict_user_future_coordinates\\artifact\06_20_2026_01_21_31\model_training - root - 121
2026-06-20 01:22:00,697 - INFO - Saving object data - root - 91
2026-06-20 01:22:00,715 - INFO - Saved successfully object data to D:\\Pertsol\\Predict_user_future_coordinates\\artifact\06_20_2026_01_21_31\model_training\model.pkl - root - 96
2026-06-20 01:22:00,715 - INFO - Saving object data - root - 91
2026-06-20 01:22:00,734 - INFO - Saved successfully object data to final_model/model.pkl - root - 96
2026-06-20 01:22:00,737 - INFO - Model training initiated successfully - root - 95
2026-06-20 01:22:00,737 - INFO - Training pipeline executed successfully - root - 113
